2018-06-30 21:55:23 INFO  RentalCarApp:12 - App Started
2018-06-30 21:56:16 INFO  RentalCarApp:11 - App Started ...
2018-06-30 22:27:24 INFO  RentalCarApp:11 - App Started ...
2018-06-30 23:07:20 INFO  RentalCarApp:14 - App Started ...
2018-06-30 23:08:45 INFO  RentalCarApp:14 - App Started ...
2018-06-30 23:08:45 INFO  RentalCarApp:16 - 
2018-06-30 23:09:12 INFO  RentalCarApp:14 - App Started ...
2018-06-30 23:09:57 INFO  RentalCarApp:20 - App Started ...
2018-06-30 23:09:57 INFO  RentalCarApp:22 - Audi
2018-06-30 23:11:48 INFO  RentalCarApp:20 - App Started ...
2018-06-30 23:11:48 INFO  RentalCarApp:22 - Audi
2018-07-01 14:06:30 INFO  JsonUtils:27 -  getSonStringFromList : ["Scratches on the left side of the Teslas Blue car","Scratches on the top  side of the Teslas Red car","Scratches on the bottom side of the Teslas Blue car"]
2018-07-01 14:25:43 INFO  JsonUtils:30 -  getSonStringFromList : ["Scratches on the left side of the Teslas Blue car","Scratches on the top  side of the Teslas Red car","Scratches on the bottom side of the Teslas Blue car"]
2018-07-01 14:28:32 INFO  JsonUtils:30 -  getSonStringFromList : ["Scratches on the left side of the Teslas Blue car","Scratches on the top  side of the Teslas Red car","Scratches on the bottom side of the Teslas Blue car"]
2018-07-01 14:31:04 INFO  JsonUtils:30 -  getSonStringFromList : ["Scratches on the left side of the Teslas Blue car","Scratches on the top  side of the Teslas Red car","Scratches on the bottom side of the Teslas Blue car"]
2018-07-01 17:20:03 INFO  JsonUtils:30 -  getSonStringFromList : ["Scratches on the left side of the Teslas Blue car","Scratches on the top  side of the Teslas Red car","Scratches on the bottom side of the Teslas Blue car"]
2018-07-01 17:33:53 INFO  JsonUtils:30 -  getSonStringFromList : ["Scratches on the left side of the Teslas Blue car","Scratches on the top  side of the Teslas Red car","Scratches on the bottom side of the Teslas Blue car"]
2018-07-01 17:35:01 INFO  JsonUtils:30 -  getSonStringFromList : ["Scratches on the left side of the Teslas Blue car","Scratches on the top  side of the Teslas Red car","Scratches on the bottom side of the Teslas Blue car"]
2018-07-01 17:43:15 INFO  JsonUtils:30 -  getSonStringFromList : ["Scratches on the left side of the Teslas Blue car","Scratches on the top  side of the Teslas Red car","Scratches on the bottom side of the Teslas Blue car"]
2018-07-01 18:35:15 INFO  JsonUtils:30 -  getSonStringFromList : ["Scratches on the left side of the Teslas Blue car","Scratches on the top  side of the Teslas Red car","Scratches on the bottom side of the Teslas Blue car"]
2018-07-01 18:41:22 INFO  JsonUtils:30 -  getSonStringFromList : ["Scratches on the left side of the Teslas Blue car","Scratches on the top  side of the Teslas Red car","Scratches on the bottom side of the Teslas Blue car"]
2018-07-01 18:42:36 INFO  JsonUtils:30 -  getSonStringFromList : ["Scratches on the left side of the Teslas Blue car","Scratches on the top  side of the Teslas Red car","Scratches on the bottom side of the Teslas Blue car"]
2018-07-01 19:04:50 INFO  JsonUtils:30 -  getSonStringFromList : ["Scratches on the left side of the Teslas Blue car","Scratches on the top  side of the Teslas Red car","Scratches on the bottom side of the Teslas Blue car"]
2018-07-01 19:05:17 INFO  JsonUtils:30 -  getSonStringFromList : ["Scratches on the left side of the Teslas Blue car","Scratches on the top  side of the Teslas Red car","Scratches on the bottom side of the Teslas Blue car"]
2018-07-01 19:08:48 INFO  JsonUtils:30 -  getSonStringFromList : ["Scratches on the left side of the Teslas Blue car","Scratches on the top  side of the Teslas Red car","Scratches on the bottom side of the Teslas Blue car"]
2018-07-01 19:08:48 INFO  RentalCarServiceImpl:52 - Discount : 5.0
2018-07-01 19:08:48 INFO  RentalCarServiceImpl:53 - Price  : 140.0
2018-07-01 19:08:48 INFO  RentalCarServiceImpl:52 - Discount : 10.0
2018-07-01 19:08:48 INFO  RentalCarServiceImpl:53 - Price  : 1240.0
2018-07-01 19:08:48 INFO  RentalCarServiceImpl:52 - Discount : 15.0
2018-07-01 19:08:48 INFO  RentalCarServiceImpl:53 - Price  : 2400.0
2018-07-01 19:08:48 INFO  RentalCarServiceImpl:52 - Discount : 20.0
2018-07-01 19:08:48 INFO  RentalCarServiceImpl:53 - Price  : 2400.0
2018-07-01 19:15:34 INFO  JsonUtils:30 -  getSonStringFromList : ["Scratches on the left side of the Teslas Blue car","Scratches on the top  side of the Teslas Red car","Scratches on the bottom side of the Teslas Blue car"]
2018-07-01 19:15:34 INFO  RentalCarServiceImpl:52 - Discount : 5.0
2018-07-01 19:15:34 INFO  RentalCarServiceImpl:53 - Price  : 140.0
2018-07-01 19:15:34 INFO  RentalCarServiceImpl:52 - Discount : 10.0
2018-07-01 19:15:34 INFO  RentalCarServiceImpl:53 - Price  : 1240.0
2018-07-01 19:15:34 INFO  RentalCarServiceImpl:52 - Discount : 15.0
2018-07-01 19:15:34 INFO  RentalCarServiceImpl:53 - Price  : 2400.0
2018-07-01 19:15:34 INFO  RentalCarServiceImpl:52 - Discount : 20.0
2018-07-01 19:15:34 INFO  RentalCarServiceImpl:53 - Price  : 2400.0
2018-07-01 19:18:20 INFO  JsonUtils:30 -  getSonStringFromList : ["Scratches on the left side of the Teslas Blue car","Scratches on the top  side of the Teslas Red car","Scratches on the bottom side of the Teslas Blue car"]
2018-07-01 19:18:20 INFO  RentalCarServiceImpl:52 - Discount : 5.0
2018-07-01 19:18:20 INFO  RentalCarServiceImpl:53 - Price  : 140.0
2018-07-01 19:18:20 INFO  RentalCarServiceImpl:55 - Discount price : 7.0
2018-07-01 19:18:20 INFO  RentalCarServiceImpl:58 - ActualPrice after Discounts   133.0
2018-07-01 19:18:20 INFO  RentalCarServiceImpl:52 - Discount : 10.0
2018-07-01 19:18:20 INFO  RentalCarServiceImpl:53 - Price  : 1240.0
2018-07-01 19:18:20 INFO  RentalCarServiceImpl:55 - Discount price : 124.0
2018-07-01 19:18:20 INFO  RentalCarServiceImpl:58 - ActualPrice after Discounts   1116.0
2018-07-01 19:18:20 INFO  RentalCarServiceImpl:52 - Discount : 15.0
2018-07-01 19:18:20 INFO  RentalCarServiceImpl:53 - Price  : 2400.0
2018-07-01 19:18:20 INFO  RentalCarServiceImpl:55 - Discount price : 360.0
2018-07-01 19:18:20 INFO  RentalCarServiceImpl:58 - ActualPrice after Discounts   2040.0
2018-07-01 19:18:20 INFO  RentalCarServiceImpl:52 - Discount : 20.0
2018-07-01 19:18:20 INFO  RentalCarServiceImpl:53 - Price  : 2400.0
2018-07-01 19:18:20 INFO  RentalCarServiceImpl:55 - Discount price : 480.0
2018-07-01 19:18:20 INFO  RentalCarServiceImpl:58 - ActualPrice after Discounts   1920.0
2018-07-01 19:21:50 INFO  JsonUtils:30 -  getSonStringFromList : ["Scratches on the left side of the Teslas Blue car","Scratches on the top  side of the Teslas Red car","Scratches on the bottom side of the Teslas Blue car"]
2018-07-01 19:21:50 INFO  RentalCarServiceImpl:54 - Discount : 5.0
2018-07-01 19:21:50 INFO  RentalCarServiceImpl:55 - Price  : 140.0
2018-07-01 19:21:50 INFO  RentalCarServiceImpl:57 - Discount price : 7.0
2018-07-01 19:21:50 INFO  RentalCarServiceImpl:60 - ActualPrice after Discounts   133.0
2018-07-01 19:21:50 INFO  RentalCarServiceImpl:54 - Discount : 10.0
2018-07-01 19:21:50 INFO  RentalCarServiceImpl:55 - Price  : 1240.0
2018-07-01 19:21:50 INFO  RentalCarServiceImpl:57 - Discount price : 124.0
2018-07-01 19:21:50 INFO  RentalCarServiceImpl:60 - ActualPrice after Discounts   1116.0
2018-07-01 19:21:50 INFO  RentalCarServiceImpl:54 - Discount : 15.0
2018-07-01 19:21:50 INFO  RentalCarServiceImpl:55 - Price  : 2400.0
2018-07-01 19:21:50 INFO  RentalCarServiceImpl:57 - Discount price : 360.0
2018-07-01 19:21:50 INFO  RentalCarServiceImpl:60 - ActualPrice after Discounts   2040.0
2018-07-01 19:21:50 INFO  RentalCarServiceImpl:54 - Discount : 20.0
2018-07-01 19:21:50 INFO  RentalCarServiceImpl:55 - Price  : 2400.0
2018-07-01 19:21:50 INFO  RentalCarServiceImpl:57 - Discount price : 480.0
2018-07-01 19:21:50 INFO  RentalCarServiceImpl:60 - ActualPrice after Discounts   1920.0
2018-07-01 19:21:50 INFO  RentalCarServiceImpl:64 - Lowest Price : 133.0
